<?xml version="1.0" encoding="UTF-8"?>
<testng-results skipped="0" failed="0" total="1" passed="1">
  <reporter-output>
  </reporter-output>
  <suite name="Suite" duration-ms="30673" started-at="2017-10-13T17:51:47Z" finished-at="2017-10-13T17:52:17Z">
    <groups>
    </groups>
    <test name="Test" duration-ms="30673" started-at="2017-10-13T17:51:47Z" finished-at="2017-10-13T17:52:17Z">
      <class name="qsp2.DemoA">
        <test-method status="PASS" signature="testLogin()[pri:0, instance:qsp2.DemoA@48eff760]" name="testLogin" duration-ms="30648" started-at="2017-10-13T23:21:47Z" finished-at="2017-10-13T23:22:17Z">
          <reporter-output>
          </reporter-output>
        </test-method> <!-- testLogin -->
      </class> <!-- qsp2.DemoA -->
    </test> <!-- Test -->
  </suite> <!-- Suite -->
</testng-results>
